2022-10-03 22:40:07,567 : WARN  : main :  : Node : IF Switch : 0:1642:0:1495:1432 : Errors overwriting node settings with flow variables: Unknown variable "MBR_switch"
2022-10-03 22:40:11,421 : WARN  : main :  : Node : IF Switch : 0:1642:0:1495:1432 : Errors overwriting node settings with flow variables: Unknown variable "MBR_switch"
2022-10-03 22:40:17,588 : WARN  : KNIME-Worker-446-Component Input 0:1642:0:1487 :  : Node : IF Switch : 0:1642:0:1495:1432 : Errors overwriting node settings with flow variables: Unknown variable "MBR_switch"
2022-10-03 22:41:31,170 : WARN  : main :  : Node : IF Switch : 0:1642:0:1495:1432 : Errors overwriting node settings with flow variables: Unknown variable "MBR_switch"
2022-10-03 22:41:35,416 : WARN  : KNIME-Worker-466-Component Input 0:1642:0:1487 :  : Node : IF Switch : 0:1642:0:1495:1432 : Errors overwriting node settings with flow variables: Unknown variable "MBR_switch"
2022-10-03 22:43:11,722 : WARN  : KNIME-Worker-462-UniProt query 0:0 :  : Node : Number To String : 0:1538:0:1539 : No columns selected
2022-10-03 22:43:11,735 : WARN  : KNIME-Worker-462-UniProt query 0:0 :  : Node : Column Rename (Regex) : 0:1538:0:851 : Errors overwriting node settings with flow variables: Unknown variable "added_column_base_name"
2022-10-03 22:43:11,739 : WARN  : KNIME-Worker-462-UniProt query 0:0 :  : Node : IF Switch : 0:1538:0:886 : Errors overwriting node settings with flow variables: Unknown variable "split_if_switch"
2022-10-03 23:08:56,209 : WARN  : KNIME-Worker-522-UniProt query 0:0 :  : Node : Number To String : 0:1538:0:1539 : No columns selected
2022-10-03 23:08:56,212 : WARN  : KNIME-Worker-522-UniProt query 0:0 :  : Node : Column Rename (Regex) : 0:1538:0:851 : Errors overwriting node settings with flow variables: Unknown variable "added_column_base_name"
2022-10-03 23:08:56,213 : WARN  : KNIME-Worker-522-UniProt query 0:0 :  : Node : IF Switch : 0:1538:0:886 : Errors overwriting node settings with flow variables: Unknown variable "split_if_switch"
2022-10-03 23:08:56,218 : WARN  : KNIME-Worker-522-UniProt query 0:0 :  : Node : Number To String : 0:1640:0:1539 : No columns selected
2022-10-03 23:08:56,263 : WARN  : KNIME-Worker-522-UniProt query 0:0 :  : Node : Column Rename (Regex) : 0:1640:0:851 : Errors overwriting node settings with flow variables: Unknown variable "added_column_base_name"
2022-10-03 23:08:56,264 : WARN  : KNIME-Worker-522-UniProt query 0:0 :  : Node : IF Switch : 0:1640:0:886 : Errors overwriting node settings with flow variables: Unknown variable "split_if_switch"
2022-10-03 23:09:18,384 : WARN  : main :  : Node : Number To String : 0:1538:0:1539 : No columns selected
2022-10-03 23:09:18,385 : WARN  : main :  : Node : Column Rename (Regex) : 0:1538:0:851 : Errors overwriting node settings with flow variables: Unknown variable "added_column_base_name"
2022-10-03 23:09:18,385 : WARN  : main :  : Node : IF Switch : 0:1538:0:886 : Errors overwriting node settings with flow variables: Unknown variable "split_if_switch"
2022-10-03 23:09:18,393 : WARN  : KNIME-Worker-523-Component Input 0:1538:0:283 :  : Node : Column Rename (Regex) : 0:1538:0:851 : Errors overwriting node settings with flow variables: Unknown variable "added_column_base_name"
2022-10-03 23:09:18,394 : WARN  : KNIME-Worker-523-Component Input 0:1538:0:283 :  : Node : IF Switch : 0:1538:0:886 : Errors overwriting node settings with flow variables: Unknown variable "split_if_switch"
2022-10-03 23:09:18,396 : WARN  : KNIME-Worker-529-Column Filter Configuration 0:1538:0:893 :  : Node : Column Rename (Regex) : 0:1538:0:851 : Errors overwriting node settings with flow variables: Unknown variable "added_column_base_name"
2022-10-03 23:09:18,397 : WARN  : KNIME-Worker-524-Column Filter 0:1538:0:650 :  : Node : Number To String : 0:1538:0:1539 : No columns selected
2022-10-03 23:09:18,397 : WARN  : KNIME-Worker-526-Number To String 0:1538:0:1539 :  : Node : Number To String : 0:1538:0:1539 : No columns selected, returning input DataTable.
2022-10-03 23:09:18,554 : WARN  : KNIME-Worker-532-Python Edit Variable 0:1538:0:852 :  : Node : Column Rename : 0:1538:0:888 : Errors overwriting node settings with flow variables: Unknown variable "top_input_ids_column_list"
2022-10-03 23:09:18,555 : WARN  : KNIME-Worker-532-Python Edit Variable 0:1538:0:852 :  : Node : Ungroup : 0:1538:0:859 : Errors overwriting node settings with flow variables: Unknown variable "top_input_ids_column_list"
2022-10-03 23:09:18,562 : WARN  : KNIME-Worker-541-Math Formula 0:1538:0:870 :  : Node : Column Rename : 0:1538:0:888 : Errors overwriting node settings with flow variables: Unknown variable "top_input_ids_column_list"
2022-10-03 23:09:18,562 : WARN  : KNIME-Worker-541-Math Formula 0:1538:0:870 :  : Node : Ungroup : 0:1538:0:859 : Errors overwriting node settings with flow variables: Unknown variable "top_input_ids_column_list"
2022-10-03 23:09:19,044 : WARN  : KNIME-Worker-535-Python Edit Variable 0:1538:0:889 :  : Node : End IF : 0:1538:0:887 : The structures of both active input data tables are not compatible.
2022-10-03 23:09:19,046 : WARN  : KNIME-Worker-530-IF Switch 0:1538:0:886 :  : Node : Number To String : 0:1538:0:1542 : No columns selected
2022-10-03 23:09:19,158 : WARN  : KNIME-Worker-536-Math Formula 0:1538:0:882 :  : Node : Number To String : 0:1538:0:1542 : No columns selected
2022-10-03 23:09:19,159 : WARN  : KNIME-Worker-542-Number To String 0:1538:0:1542 :  : Node : Number To String : 0:1538:0:1542 : No columns selected, returning input DataTable.
2022-10-03 23:09:25,898 : WARN  : KNIME-Worker-539-Values lookup 0:1538 :  : Node : Number To String : 0:1244:0:991 : No columns selected
2022-10-03 23:09:25,901 : WARN  : KNIME-Worker-539-Values lookup 0:1538 :  : Node : Column Rename (Regex) : 0:1244:0:968 : Errors overwriting node settings with flow variables: Unknown variable "case_insensitive_bool"
2022-10-03 23:09:40,859 : WARN  : main :  : Node : Number To String : 0:1640:0:1539 : No columns selected
2022-10-03 23:09:40,860 : WARN  : main :  : Node : Column Rename (Regex) : 0:1640:0:851 : Errors overwriting node settings with flow variables: Unknown variable "added_column_base_name"
2022-10-03 23:09:40,860 : WARN  : main :  : Node : IF Switch : 0:1640:0:886 : Errors overwriting node settings with flow variables: Unknown variable "split_if_switch"
2022-10-03 23:09:40,868 : WARN  : KNIME-Worker-540-Component Input 0:1640:0:283 :  : Node : Column Rename (Regex) : 0:1640:0:851 : Errors overwriting node settings with flow variables: Unknown variable "added_column_base_name"
2022-10-03 23:09:40,868 : WARN  : KNIME-Worker-540-Component Input 0:1640:0:283 :  : Node : IF Switch : 0:1640:0:886 : Errors overwriting node settings with flow variables: Unknown variable "split_if_switch"
2022-10-03 23:09:40,870 : WARN  : KNIME-Worker-533-Column Filter Configuration 0:1640:0:893 :  : Node : Column Rename (Regex) : 0:1640:0:851 : Errors overwriting node settings with flow variables: Unknown variable "added_column_base_name"
2022-10-03 23:09:40,870 : WARN  : KNIME-Worker-525-Column Filter 0:1640:0:650 :  : Node : Number To String : 0:1640:0:1539 : No columns selected
2022-10-03 23:09:40,871 : WARN  : KNIME-Worker-541-Number To String 0:1640:0:1539 :  : Node : Number To String : 0:1640:0:1539 : No columns selected, returning input DataTable.
2022-10-03 23:09:41,045 : WARN  : KNIME-Worker-543-Python Edit Variable 0:1640:0:852 :  : Node : Column Rename : 0:1640:0:888 : Errors overwriting node settings with flow variables: Unknown variable "top_input_ids_column_list"
2022-10-03 23:09:41,047 : WARN  : KNIME-Worker-543-Python Edit Variable 0:1640:0:852 :  : Node : Ungroup : 0:1640:0:859 : Errors overwriting node settings with flow variables: Unknown variable "top_input_ids_column_list"
2022-10-03 23:09:41,071 : WARN  : KNIME-Worker-544-Math Formula 0:1640:0:870 :  : Node : Column Rename : 0:1640:0:888 : Errors overwriting node settings with flow variables: Unknown variable "top_input_ids_column_list"
2022-10-03 23:09:41,072 : WARN  : KNIME-Worker-544-Math Formula 0:1640:0:870 :  : Node : Ungroup : 0:1640:0:859 : Errors overwriting node settings with flow variables: Unknown variable "top_input_ids_column_list"
2022-10-03 23:09:41,256 : WARN  : KNIME-Worker-527-Python Edit Variable 0:1640:0:889 :  : Node : End IF : 0:1640:0:887 : The structures of both active input data tables are not compatible.
2022-10-03 23:09:41,259 : WARN  : KNIME-Worker-526-IF Switch 0:1640:0:886 :  : Node : Number To String : 0:1640:0:1542 : No columns selected
2022-10-03 23:09:41,368 : WARN  : KNIME-Worker-531-Math Formula 0:1640:0:882 :  : Node : Number To String : 0:1640:0:1542 : No columns selected
2022-10-03 23:09:41,370 : WARN  : KNIME-Worker-533-Number To String 0:1640:0:1542 :  : Node : Number To String : 0:1640:0:1542 : No columns selected, returning input DataTable.
2022-10-03 23:09:57,486 : WARN  : KNIME-Worker-537-Values lookup 0:1640 :  : Node : Number To String : 0:1665:0:991 : No columns selected
2022-10-03 23:09:57,489 : WARN  : KNIME-Worker-537-Values lookup 0:1640 :  : Node : Column Rename (Regex) : 0:1665:0:968 : Errors overwriting node settings with flow variables: Unknown variable "case_insensitive_bool"
2022-10-03 23:11:46,512 : WARN  : KNIME-Worker-548-Component Input 0:1244:0:971 :  : Node : Column Rename (Regex) : 0:1244:0:968 : Errors overwriting node settings with flow variables: Unknown variable "case_insensitive_bool"
2022-10-03 23:11:46,517 : WARN  : KNIME-Worker-559-Column Appender 0:1244:0:990 :  : Node : Number To String : 0:1244:0:991 : No columns selected
2022-10-03 23:11:46,517 : WARN  : KNIME-Worker-560-Number To String 0:1244:0:991 :  : Node : Number To String : 0:1244:0:991 : No columns selected, returning input DataTable.
2022-10-03 23:11:46,648 : WARN  : KNIME-Worker-556-Python Edit Variable 0:1244:0:982 :  : Node : Column Rename (Regex) : 0:1244:0:968 : Pattern did not match any column name, leaving input unchanged
2022-10-03 23:11:46,650 : WARN  : KNIME-Worker-564-Recursive Loop Start 0:1244:0:993 :  : Node : Column Rename (Regex) : 0:1244:0:968 : Pattern did not match any column name, leaving input unchanged
2022-10-03 23:11:46,660 : WARN  : KNIME-Worker-569-Recursive Loop Start 0:1244:0:993 :  : Node : Column Rename (Regex) : 0:1244:0:968 : Pattern did not match any column name, leaving input unchanged
2022-10-03 23:11:46,670 : WARN  : KNIME-Worker-550-Recursive Loop Start 0:1244:0:993 :  : Node : Column Rename (Regex) : 0:1244:0:968 : Pattern did not match any column name, leaving input unchanged
2022-10-03 23:11:46,678 : WARN  : KNIME-Worker-555-Recursive Loop Start 0:1244:0:993 :  : Node : Column Rename (Regex) : 0:1244:0:968 : Pattern did not match any column name, leaving input unchanged
2022-10-03 23:11:46,744 : WARN  : KNIME-Worker-561-Recursive Loop Start 0:1244:0:993 :  : Node : Column Rename (Regex) : 0:1244:0:968 : Pattern did not match any column name, leaving input unchanged
2022-10-03 23:11:46,752 : WARN  : KNIME-Worker-565-Recursive Loop Start 0:1244:0:993 :  : Node : Column Rename (Regex) : 0:1244:0:968 : Pattern did not match any column name, leaving input unchanged
2022-10-03 23:11:46,767 : WARN  : KNIME-Worker-547-Column rename (regex, multi) 0:1244 :  : Node : Number To String : 0:1620:1245:0:991 : No columns selected
2022-10-03 23:11:46,769 : WARN  : KNIME-Worker-547-Column rename (regex, multi) 0:1244 :  : Node : Column Rename (Regex) : 0:1620:1245:0:968 : Errors overwriting node settings with flow variables: Unknown variable "case_insensitive_bool"
2022-10-03 23:11:56,140 : WARN  : main :  : Node : Number To String : 0:1665:0:991 : No columns selected
2022-10-03 23:11:56,153 : WARN  : main :  : Node : Column Rename (Regex) : 0:1665:0:968 : Errors overwriting node settings with flow variables: Unknown variable "case_insensitive_bool"
2022-10-03 23:11:56,160 : WARN  : KNIME-Worker-548-Component Input 0:1665:0:971 :  : Node : Column Rename (Regex) : 0:1665:0:968 : Errors overwriting node settings with flow variables: Unknown variable "case_insensitive_bool"
2022-10-03 23:11:56,162 : WARN  : KNIME-Worker-561-Column Appender 0:1665:0:990 :  : Node : Number To String : 0:1665:0:991 : No columns selected
2022-10-03 23:11:56,163 : WARN  : KNIME-Worker-556-Number To String 0:1665:0:991 :  : Node : Number To String : 0:1665:0:991 : No columns selected, returning input DataTable.
2022-10-03 23:11:56,242 : WARN  : KNIME-Worker-558-Python Edit Variable 0:1665:0:982 :  : Node : Column Rename (Regex) : 0:1665:0:968 : Pattern did not match any column name, leaving input unchanged
2022-10-03 23:11:56,244 : WARN  : KNIME-Worker-565-Recursive Loop Start 0:1665:0:993 :  : Node : Column Rename (Regex) : 0:1665:0:968 : Pattern did not match any column name, leaving input unchanged
2022-10-03 23:11:56,418 : WARN  : KNIME-Worker-570-Recursive Loop Start 0:1665:0:993 :  : Node : Column Rename (Regex) : 0:1665:0:968 : Pattern did not match any column name, leaving input unchanged
2022-10-03 23:11:56,500 : WARN  : KNIME-Worker-552-Recursive Loop Start 0:1665:0:993 :  : Node : Column Rename (Regex) : 0:1665:0:968 : Pattern did not match any column name, leaving input unchanged
2022-10-03 23:11:56,588 : WARN  : KNIME-Worker-557-Recursive Loop Start 0:1665:0:993 :  : Node : Column Rename (Regex) : 0:1665:0:968 : Pattern did not match any column name, leaving input unchanged
2022-10-03 23:11:56,659 : WARN  : KNIME-Worker-562-Recursive Loop Start 0:1665:0:993 :  : Node : Column Rename (Regex) : 0:1665:0:968 : Pattern did not match any column name, leaving input unchanged
2022-10-03 23:11:56,726 : WARN  : KNIME-Worker-566-Recursive Loop Start 0:1665:0:993 :  : Node : Column Rename (Regex) : 0:1665:0:968 : Pattern did not match any column name, leaving input unchanged
2022-10-07 16:54:21,456 : WARN  : main :  : Node : End IF : 0:1637:0:1494 : The structures of both active input data tables are not compatible.
